<?xml version="1.0" encoding="UTF-8"?>
<testng-results skipped="2" failed="0" total="2" passed="0">
  <reporter-output>
  </reporter-output>
  <suite name="Default suite" duration-ms="739" started-at="2017-05-14T13:07:25Z" finished-at="2017-05-14T13:07:26Z">
    <groups>
    </groups>
    <test name="Default test" duration-ms="739" started-at="2017-05-14T13:07:25Z" finished-at="2017-05-14T13:07:26Z">
      <class name="com.hdfc.tc.TestCase1">
        <test-method status="SKIP" signature="preconfig()[pri:0, instance:com.hdfc.tc.TestCase1@73846619]" name="preconfig" is-config="true" duration-ms="0" started-at="2017-05-14T18:37:26Z" finished-at="2017-05-14T18:37:26Z">
          <reporter-output>
          </reporter-output>
        </test-method> <!-- preconfig -->
        <test-method status="SKIP" signature="SetUp()[pri:0, instance:com.hdfc.tc.TestCase1@73846619]" name="SetUp" is-config="true" duration-ms="0" started-at="2017-05-14T18:37:26Z" finished-at="2017-05-14T18:37:26Z">
          <reporter-output>
          </reporter-output>
        </test-method> <!-- SetUp -->
        <test-method status="SKIP" signature="AccountSummaryValidation()[pri:0, instance:com.hdfc.tc.TestCase1@73846619]" name="AccountSummaryValidation" duration-ms="5" started-at="2017-05-14T18:37:26Z" finished-at="2017-05-14T18:37:26Z">
          <reporter-output>
          </reporter-output>
        </test-method> <!-- AccountSummaryValidation -->
        <test-method status="SKIP" signature="terminate()[pri:0, instance:com.hdfc.tc.TestCase1@73846619]" name="terminate" is-config="true" duration-ms="0" started-at="2017-05-14T18:37:26Z" finished-at="2017-05-14T18:37:26Z">
          <reporter-output>
          </reporter-output>
        </test-method> <!-- terminate -->
      </class> <!-- com.hdfc.tc.TestCase1 -->
      <class name="com.hdfc.tc.TestCase2">
        <test-method status="PASS" signature="preconfig()[pri:0, instance:com.hdfc.tc.TestCase2@3159c4b8]" name="preconfig" is-config="true" duration-ms="9" started-at="2017-05-14T18:37:25Z" finished-at="2017-05-14T18:37:25Z">
          <reporter-output>
          </reporter-output>
        </test-method> <!-- preconfig -->
        <test-method status="FAIL" signature="SetUp()[pri:0, instance:com.hdfc.tc.TestCase2@3159c4b8]" name="SetUp" is-config="true" duration-ms="0" started-at="2017-05-14T18:37:25Z" finished-at="2017-05-14T18:37:25Z">
          <exception class="java.lang.NoClassDefFoundError">
            <message>
              <![CDATA[org/json/JSONObject]]>
            </message>
            <full-stacktrace>
              <![CDATA[java.lang.NoClassDefFoundError: org/json/JSONObject
	at org.openqa.selenium.logging.profiler.HttpProfilerLogEntry.constructMessage(HttpProfilerLogEntry.java:36)
	at org.openqa.selenium.logging.profiler.HttpProfilerLogEntry.<init>(HttpProfilerLogEntry.java:28)
	at org.openqa.selenium.remote.HttpCommandExecutor.execute(HttpCommandExecutor.java:141)
	at org.openqa.selenium.remote.RemoteWebDriver.execute(RemoteWebDriver.java:644)
	at io.appium.java_client.AppiumDriver.execute(AppiumDriver.java:180)
	at org.openqa.selenium.remote.RemoteWebDriver.startSession(RemoteWebDriver.java:249)
	at org.openqa.selenium.remote.RemoteWebDriver.<init>(RemoteWebDriver.java:131)
	at org.openqa.selenium.remote.RemoteWebDriver.<init>(RemoteWebDriver.java:158)
	at io.appium.java_client.AppiumDriver.<init>(AppiumDriver.java:109)
	at io.appium.java_client.android.AndroidDriver.<init>(AndroidDriver.java:39)
	at com.hdfc.driverPackage.TestRunner.initializeDriver(TestRunner.java:39)
	at com.hdfc.driverPackage.TestRunner.SetUp(TestRunner.java:66)
	at sun.reflect.NativeMethodAccessorImpl.invoke0(Native Method)
	at sun.reflect.NativeMethodAccessorImpl.invoke(NativeMethodAccessorImpl.java:62)
	at sun.reflect.DelegatingMethodAccessorImpl.invoke(DelegatingMethodAccessorImpl.java:43)
	at java.lang.reflect.Method.invoke(Method.java:498)
	at org.testng.internal.MethodInvocationHelper.invokeMethod(MethodInvocationHelper.java:100)
	at org.testng.internal.Invoker.invokeConfigurationMethod(Invoker.java:515)
	at org.testng.internal.Invoker.invokeConfigurations(Invoker.java:216)
	at org.testng.internal.Invoker.invokeMethod(Invoker.java:590)
	at org.testng.internal.Invoker.invokeTestMethod(Invoker.java:811)
	at org.testng.internal.Invoker.invokeTestMethods(Invoker.java:1129)
	at org.testng.internal.TestMethodWorker.invokeTestMethods(TestMethodWorker.java:129)
	at org.testng.internal.TestMethodWorker.run(TestMethodWorker.java:112)
	at org.testng.TestRunner.privateRun(TestRunner.java:746)
	at org.testng.TestRunner.run(TestRunner.java:600)
	at org.testng.SuiteRunner.runTest(SuiteRunner.java:366)
	at org.testng.SuiteRunner.runSequentially(SuiteRunner.java:361)
	at org.testng.SuiteRunner.privateRun(SuiteRunner.java:319)
	at org.testng.SuiteRunner.run(SuiteRunner.java:268)
	at org.testng.SuiteRunnerWorker.runSuite(SuiteRunnerWorker.java:52)
	at org.testng.SuiteRunnerWorker.run(SuiteRunnerWorker.java:86)
	at org.testng.TestNG.runSuitesSequentially(TestNG.java:1264)
	at org.testng.TestNG.runSuitesLocally(TestNG.java:1189)
	at org.testng.TestNG.runSuites(TestNG.java:1104)
	at org.testng.TestNG.run(TestNG.java:1076)
	at org.testng.remote.AbstractRemoteTestNG.run(AbstractRemoteTestNG.java:126)
	at org.testng.remote.RemoteTestNG.initAndRun(RemoteTestNG.java:152)
	at org.testng.remote.RemoteTestNG.main(RemoteTestNG.java:57)
Caused by: java.lang.ClassNotFoundException: org.json.JSONObject
	at java.net.URLClassLoader.findClass(URLClassLoader.java:381)
	at java.lang.ClassLoader.loadClass(ClassLoader.java:424)
	at sun.misc.Launcher$AppClassLoader.loadClass(Launcher.java:331)
	at java.lang.ClassLoader.loadClass(ClassLoader.java:357)
	... 39 more
]]>
            </full-stacktrace>
          </exception> <!-- java.lang.NoClassDefFoundError -->
          <reporter-output>
          </reporter-output>
        </test-method> <!-- SetUp -->
        <test-method status="SKIP" signature="verifyBenficiaryAccounts()[pri:0, instance:com.hdfc.tc.TestCase2@3159c4b8]" name="verifyBenficiaryAccounts" duration-ms="6" started-at="2017-05-14T18:37:26Z" finished-at="2017-05-14T18:37:26Z">
          <reporter-output>
          </reporter-output>
        </test-method> <!-- verifyBenficiaryAccounts -->
        <test-method status="SKIP" signature="terminate()[pri:0, instance:com.hdfc.tc.TestCase2@3159c4b8]" name="terminate" is-config="true" duration-ms="0" started-at="2017-05-14T18:37:26Z" finished-at="2017-05-14T18:37:26Z">
          <reporter-output>
          </reporter-output>
        </test-method> <!-- terminate -->
      </class> <!-- com.hdfc.tc.TestCase2 -->
    </test> <!-- Default test -->
  </suite> <!-- Default suite -->
</testng-results>
